This is pdfTeX, Version 3.1415926-2.5-1.40.14 (TeX Live 2013/Debian) (format=latex 2016.1.7)  7 JAN 2016 12:30
entering extended mode
 restricted \write18 enabled.
 %&-line parsing enabled.
**funcion.tex
(./funcion.tex
LaTeX2e <2011/06/27>
Babel <3.9h> and hyphenation patterns for 7 languages loaded.
)
! Emergency stop.
<*> funcion.tex
               
*** (job aborted, no legal \end found)

 
Here is how much of TeX's memory you used:
 10 strings out of 494926
 174 string characters out of 6178571
 46231 words of memory out of 5000000
 3335 multiletter control sequences out of 15000+600000
 3640 words of font info for 14 fonts, out of 8000000 for 9000
 62 hyphenation exceptions out of 8191
 7i,0n,6p,97b,8s stack positions out of 5000i,500n,10000p,200000b,80000s
No pages of output.
